<?xml version="1.0" encoding="UTF-8"?>
<testng-results skipped="1" failed="0" total="1" passed="0">
  <reporter-output>
  </reporter-output>
  <suite name="Default suite" duration-ms="46275" started-at="2019-03-29T07:10:25Z" finished-at="2019-03-29T07:11:12Z">
    <groups>
    </groups>
    <test name="Default test" duration-ms="46275" started-at="2019-03-29T07:10:25Z" finished-at="2019-03-29T07:11:12Z">
      <class name="com.crm.campaignTest.CampTest$campaignTest">
        <test-method status="PASS" signature="configbeforeSuite()[pri:0, instance:com.crm.campaignTest.CampTest$campaignTest@19d1a19]" name="configbeforeSuite" is-config="true" duration-ms="295" started-at="2019-03-29T12:40:25Z" finished-at="2019-03-29T12:40:25Z">
          <reporter-output>
          </reporter-output>
        </test-method> <!-- configbeforeSuite -->
        <test-method status="FAIL" signature="configBc()[pri:0, instance:com.crm.campaignTest.CampTest$campaignTest@19d1a19]" name="configBc" is-config="true" duration-ms="0" started-at="2019-03-29T12:40:25Z" finished-at="2019-03-29T12:40:25Z">
          <exception class="org.openqa.selenium.WebDriverException">
            <message>
              <![CDATA[Failed to connect to binary FirefoxBinary(C:\Program Files\Mozilla Firefox\firefox.exe) on port 7055; process output follows: 
vider
1553843434824	addons.manager	DEBUG	Provider finished startup: PluginProvider
1553843434924	addons.manager	DEBUG	Completed startup sequence
[GFX1]: Potential driver version mismatch ignored due to missing DLLs igd10umd32 v= and igd10iumd32 v=
1553843438299	addons.xpi-utils	DEBUG	XPI Database saved, setting schema version preference to 28
1553843440650	addons.repository	DEBUG	No addons.json found.
Crash Annotation GraphicsCriticalError: |[C0][GFX1]: Potential driver version mismatch ignored due to missing DLLs igd10umd32 v= and igd10iumd32 v= (t=18.6531) [GFX1]: Potential driver version mismatch ignored due to missing DLLs igd10umd32 v= and igd10iumd32 v=
Crash Annotation GraphicsCriticalError: |[C0][GFX1]: Potential driver version mismatch ignored due to missing DLLs igd10umd32 v= and igd10iumd32 v= (t=19.0231) [GFX1]: Potential driver version mismatch ignored due to missing DLLs igd10umd32 v= and igd10iumd32 v=
1553843450050	addons.xpi	DEBUG	Ignoring file: name is not a valid add-on ID: C:\Users\admin\AppData\Local\Temp\anonymous494446898098189858webdriver-profile\extensions\webdriver-staging
1553843450051	addons.xpi	DEBUG	Existing add-on formautofill@mozilla.org in app-system-defaults
1553843450052	addons.xpi	DEBUG	Existing add-on screenshots@mozilla.org in app-system-defaults
1553843450052	addons.xpi	DEBUG	Existing add-on webcompat-reporter@mozilla.org in app-system-defaults
1553843450053	addons.xpi	DEBUG	Existing add-on webcompat@mozilla.org in app-system-defaults
1553843450054	addons.xpi	DEBUG	scanForChanges changed: false, state: {}
Crash Annotation GraphicsCriticalError: |[C0][GFX1]: Potential driver version mismatch ignored due to missing DLLs igd10umd32 v= and igd10iumd32 v= (t=23.4705) [GFX1]: Potential driver version mismatch ignored due to missing DLLs igd10umd32 v= and igd10iumd32 v=
JavaScript error: resource://gre/modules/addons/XPIProvider.jsm, line 2625: TypeError: addon is null
[Child 1044, Chrome_ChildThread] WARNING: pipe error: 109: file z:/build/build/src/ipc/chromium/src/chrome/common/ipc_channel_win.cc, line 332
[Child 1044, Chrome_ChildThread] WARNING: pipe error: 109: file z:/build/build/src/ipc/chromium/src/chrome/common/ipc_channel_win.cc, line 332
[Parent 7924, Gecko_IOThread] WARNING: file z:/build/build/src/ipc/chromium/src/base/process_util_win.cc, line 166
1553843460891	addons.manager	DEBUG	Registering upgrade listener for formautofill@mozilla.org
1553843461620	addons.xpi	DEBUG	Calling bootstrap method shutdown on webcompat@mozilla.org version 3.0.0
1553843461625	addons.xpi	DEBUG	Calling bootstrap method shutdown on screenshots@mozilla.org version 35.0.0
1553843461628	addons.xpi	DEBUG	Calling bootstrap method shutdown on formautofill@mozilla.org version 1.0
[Parent 7924, Gecko_IOThread] WARNING: pipe error: 109: file z:/build/build/src/ipc/chromium/src/chrome/common/ipc_channel_win.cc, line 332
[Child 6876, Chrome_ChildThread] WARNING: pipe error: 109: file z:/build/build/src/ipc/chromium/src/chrome/common/ipc_channel_win.cc, line 332
[Child 6876, Chrome_ChildThread] WARNING: pipe error: 109: file z:/build/build/src/ipc/chromium/src/chrome/common/ipc_channel_win.cc, line 332
[Parent 7924, Gecko_IOThread] WARNING: file z:/build/build/src/ipc/chromium/src/base/process_util_win.cc, line 166
Crash Annotation GraphicsCriticalError: |[C0][GFX1]: Potential driver version mismatch ignored due to missing DLLs igd10umd32 v= and igd10iumd32 v= (t=3.8573) [GFX1]: Potential driver version mismatch ignored due to missing DLLs igd10umd32 v= and igd10iumd32 v=
1553843462641	addons.manager	DEBUG	shutdown
1553843462642	addons.manager	DEBUG	Calling shutdown blocker for XPIProvider
1553843462642	addons.xpi	DEBUG	shutdown
1553843462642	addons.xpi-utils	DEBUG	shutdown
1553843462642	addons.manager	DEBUG	Calling shutdown blocker for LightweightThemeManager
1553843462642	addons.manager	DEBUG	Calling shutdown blocker for GMPProvider
1553843462643	addons.manager	DEBUG	Calling shutdown blocker for PluginProvider
1553843462647	addons.manager	DEBUG	Async provider shutdown done

Build info: version: '2.53.1', revision: 'a36b8b1cd5757287168e54b817830adce9b0158d', time: '2016-06-30 19:26:09'
System info: host: 'testing-env', ip: '192.168.0.109', os.name: 'Windows 7', os.arch: 'x86', os.version: '6.1', java.version: '1.8.0_162'
Driver info: driver.version: FirefoxDriver]]>
            </message>
            <full-stacktrace>
              <![CDATA[org.openqa.selenium.WebDriverException: Failed to connect to binary FirefoxBinary(C:\Program Files\Mozilla Firefox\firefox.exe) on port 7055; process output follows: 
vider
1553843434824	addons.manager	DEBUG	Provider finished startup: PluginProvider
1553843434924	addons.manager	DEBUG	Completed startup sequence
[GFX1]: Potential driver version mismatch ignored due to missing DLLs igd10umd32 v= and igd10iumd32 v=
1553843438299	addons.xpi-utils	DEBUG	XPI Database saved, setting schema version preference to 28
1553843440650	addons.repository	DEBUG	No addons.json found.
Crash Annotation GraphicsCriticalError: |[C0][GFX1]: Potential driver version mismatch ignored due to missing DLLs igd10umd32 v= and igd10iumd32 v= (t=18.6531) [GFX1]: Potential driver version mismatch ignored due to missing DLLs igd10umd32 v= and igd10iumd32 v=
Crash Annotation GraphicsCriticalError: |[C0][GFX1]: Potential driver version mismatch ignored due to missing DLLs igd10umd32 v= and igd10iumd32 v= (t=19.0231) [GFX1]: Potential driver version mismatch ignored due to missing DLLs igd10umd32 v= and igd10iumd32 v=
1553843450050	addons.xpi	DEBUG	Ignoring file: name is not a valid add-on ID: C:\Users\admin\AppData\Local\Temp\anonymous494446898098189858webdriver-profile\extensions\webdriver-staging
1553843450051	addons.xpi	DEBUG	Existing add-on formautofill@mozilla.org in app-system-defaults
1553843450052	addons.xpi	DEBUG	Existing add-on screenshots@mozilla.org in app-system-defaults
1553843450052	addons.xpi	DEBUG	Existing add-on webcompat-reporter@mozilla.org in app-system-defaults
1553843450053	addons.xpi	DEBUG	Existing add-on webcompat@mozilla.org in app-system-defaults
1553843450054	addons.xpi	DEBUG	scanForChanges changed: false, state: {}
Crash Annotation GraphicsCriticalError: |[C0][GFX1]: Potential driver version mismatch ignored due to missing DLLs igd10umd32 v= and igd10iumd32 v= (t=23.4705) [GFX1]: Potential driver version mismatch ignored due to missing DLLs igd10umd32 v= and igd10iumd32 v=
JavaScript error: resource://gre/modules/addons/XPIProvider.jsm, line 2625: TypeError: addon is null
[Child 1044, Chrome_ChildThread] WARNING: pipe error: 109: file z:/build/build/src/ipc/chromium/src/chrome/common/ipc_channel_win.cc, line 332
[Child 1044, Chrome_ChildThread] WARNING: pipe error: 109: file z:/build/build/src/ipc/chromium/src/chrome/common/ipc_channel_win.cc, line 332
[Parent 7924, Gecko_IOThread] WARNING: file z:/build/build/src/ipc/chromium/src/base/process_util_win.cc, line 166
1553843460891	addons.manager	DEBUG	Registering upgrade listener for formautofill@mozilla.org
1553843461620	addons.xpi	DEBUG	Calling bootstrap method shutdown on webcompat@mozilla.org version 3.0.0
1553843461625	addons.xpi	DEBUG	Calling bootstrap method shutdown on screenshots@mozilla.org version 35.0.0
1553843461628	addons.xpi	DEBUG	Calling bootstrap method shutdown on formautofill@mozilla.org version 1.0
[Parent 7924, Gecko_IOThread] WARNING: pipe error: 109: file z:/build/build/src/ipc/chromium/src/chrome/common/ipc_channel_win.cc, line 332
[Child 6876, Chrome_ChildThread] WARNING: pipe error: 109: file z:/build/build/src/ipc/chromium/src/chrome/common/ipc_channel_win.cc, line 332
[Child 6876, Chrome_ChildThread] WARNING: pipe error: 109: file z:/build/build/src/ipc/chromium/src/chrome/common/ipc_channel_win.cc, line 332
[Parent 7924, Gecko_IOThread] WARNING: file z:/build/build/src/ipc/chromium/src/base/process_util_win.cc, line 166
Crash Annotation GraphicsCriticalError: |[C0][GFX1]: Potential driver version mismatch ignored due to missing DLLs igd10umd32 v= and igd10iumd32 v= (t=3.8573) [GFX1]: Potential driver version mismatch ignored due to missing DLLs igd10umd32 v= and igd10iumd32 v=
1553843462641	addons.manager	DEBUG	shutdown
1553843462642	addons.manager	DEBUG	Calling shutdown blocker for XPIProvider
1553843462642	addons.xpi	DEBUG	shutdown
1553843462642	addons.xpi-utils	DEBUG	shutdown
1553843462642	addons.manager	DEBUG	Calling shutdown blocker for LightweightThemeManager
1553843462642	addons.manager	DEBUG	Calling shutdown blocker for GMPProvider
1553843462643	addons.manager	DEBUG	Calling shutdown blocker for PluginProvider
1553843462647	addons.manager	DEBUG	Async provider shutdown done

Build info: version: '2.53.1', revision: 'a36b8b1cd5757287168e54b817830adce9b0158d', time: '2016-06-30 19:26:09'
System info: host: 'testing-env', ip: '192.168.0.109', os.name: 'Windows 7', os.arch: 'x86', os.version: '6.1', java.version: '1.8.0_162'
Driver info: driver.version: FirefoxDriver
	at org.openqa.selenium.firefox.internal.NewProfileExtensionConnection.start(NewProfileExtensionConnection.java:125)
	at org.openqa.selenium.firefox.FirefoxDriver.startClient(FirefoxDriver.java:271)
	at org.openqa.selenium.remote.RemoteWebDriver.<init>(RemoteWebDriver.java:119)
	at org.openqa.selenium.firefox.FirefoxDriver.<init>(FirefoxDriver.java:216)
	at org.openqa.selenium.firefox.FirefoxDriver.<init>(FirefoxDriver.java:211)
	at org.openqa.selenium.firefox.FirefoxDriver.<init>(FirefoxDriver.java:207)
	at org.openqa.selenium.firefox.FirefoxDriver.<init>(FirefoxDriver.java:120)
	at com.crm.commonLib.BaseClass.configBc(BaseClass.java:45)
	at sun.reflect.NativeMethodAccessorImpl.invoke0(Native Method)
	at sun.reflect.NativeMethodAccessorImpl.invoke(NativeMethodAccessorImpl.java:62)
	at sun.reflect.DelegatingMethodAccessorImpl.invoke(DelegatingMethodAccessorImpl.java:43)
	at java.lang.reflect.Method.invoke(Method.java:498)
	at org.testng.internal.MethodInvocationHelper.invokeMethod(MethodInvocationHelper.java:80)
	at org.testng.internal.Invoker.invokeConfigurationMethod(Invoker.java:564)
	at org.testng.internal.Invoker.invokeConfigurations(Invoker.java:213)
	at org.testng.internal.Invoker.invokeConfigurations(Invoker.java:138)
	at org.testng.internal.TestMethodWorker.invokeBeforeClassMethods(TestMethodWorker.java:175)
	at org.testng.internal.TestMethodWorker.run(TestMethodWorker.java:107)
	at org.testng.TestRunner.privateRun(TestRunner.java:767)
	at org.testng.TestRunner.run(TestRunner.java:617)
	at org.testng.SuiteRunner.runTest(SuiteRunner.java:334)
	at org.testng.SuiteRunner.runSequentially(SuiteRunner.java:329)
	at org.testng.SuiteRunner.privateRun(SuiteRunner.java:291)
	at org.testng.SuiteRunner.run(SuiteRunner.java:240)
	at org.testng.SuiteRunnerWorker.runSuite(SuiteRunnerWorker.java:52)
	at org.testng.SuiteRunnerWorker.run(SuiteRunnerWorker.java:86)
	at org.testng.TestNG.runSuitesSequentially(TestNG.java:1198)
	at org.testng.TestNG.runSuitesLocally(TestNG.java:1123)
	at org.testng.TestNG.run(TestNG.java:1031)
	at org.testng.remote.AbstractRemoteTestNG.run(AbstractRemoteTestNG.java:114)
	at org.testng.remote.RemoteTestNG.initAndRun(RemoteTestNG.java:251)
	at org.testng.remote.RemoteTestNG.main(RemoteTestNG.java:77)
Caused by: org.openqa.selenium.firefox.NotConnectedException: Unable to connect to host 127.0.0.1 on port 7055 after 45000 ms. Firefox console output:
vider
1553843434824	addons.manager	DEBUG	Provider finished startup: PluginProvider
1553843434924	addons.manager	DEBUG	Completed startup sequence
[GFX1]: Potential driver version mismatch ignored due to missing DLLs igd10umd32 v= and igd10iumd32 v=
1553843438299	addons.xpi-utils	DEBUG	XPI Database saved, setting schema version preference to 28
1553843440650	addons.repository	DEBUG	No addons.json found.
Crash Annotation GraphicsCriticalError: |[C0][GFX1]: Potential driver version mismatch ignored due to missing DLLs igd10umd32 v= and igd10iumd32 v= (t=18.6531) [GFX1]: Potential driver version mismatch ignored due to missing DLLs igd10umd32 v= and igd10iumd32 v=
Crash Annotation GraphicsCriticalError: |[C0][GFX1]: Potential driver version mismatch ignored due to missing DLLs igd10umd32 v= and igd10iumd32 v= (t=19.0231) [GFX1]: Potential driver version mismatch ignored due to missing DLLs igd10umd32 v= and igd10iumd32 v=
1553843450050	addons.xpi	DEBUG	Ignoring file: name is not a valid add-on ID: C:\Users\admin\AppData\Local\Temp\anonymous494446898098189858webdriver-profile\extensions\webdriver-staging
1553843450051	addons.xpi	DEBUG	Existing add-on formautofill@mozilla.org in app-system-defaults
1553843450052	addons.xpi	DEBUG	Existing add-on screenshots@mozilla.org in app-system-defaults
1553843450052	addons.xpi	DEBUG	Existing add-on webcompat-reporter@mozilla.org in app-system-defaults
1553843450053	addons.xpi	DEBUG	Existing add-on webcompat@mozilla.org in app-system-defaults
1553843450054	addons.xpi	DEBUG	scanForChanges changed: false, state: {}
Crash Annotation GraphicsCriticalError: |[C0][GFX1]: Potential driver version mismatch ignored due to missing DLLs igd10umd32 v= and igd10iumd32 v= (t=23.4705) [GFX1]: Potential driver version mismatch ignored due to missing DLLs igd10umd32 v= and igd10iumd32 v=
JavaScript error: resource://gre/modules/addons/XPIProvider.jsm, line 2625: TypeError: addon is null
[Child 1044, Chrome_ChildThread] WARNING: pipe error: 109: file z:/build/build/src/ipc/chromium/src/chrome/common/ipc_channel_win.cc, line 332
[Child 1044, Chrome_ChildThread] WARNING: pipe error: 109: file z:/build/build/src/ipc/chromium/src/chrome/common/ipc_channel_win.cc, line 332
[Parent 7924, Gecko_IOThread] WARNING: file z:/build/build/src/ipc/chromium/src/base/process_util_win.cc, line 166
1553843460891	addons.manager	DEBUG	Registering upgrade listener for formautofill@mozilla.org
1553843461620	addons.xpi	DEBUG	Calling bootstrap method shutdown on webcompat@mozilla.org version 3.0.0
1553843461625	addons.xpi	DEBUG	Calling bootstrap method shutdown on screenshots@mozilla.org version 35.0.0
1553843461628	addons.xpi	DEBUG	Calling bootstrap method shutdown on formautofill@mozilla.org version 1.0
[Parent 7924, Gecko_IOThread] WARNING: pipe error: 109: file z:/build/build/src/ipc/chromium/src/chrome/common/ipc_channel_win.cc, line 332
[Child 6876, Chrome_ChildThread] WARNING: pipe error: 109: file z:/build/build/src/ipc/chromium/src/chrome/common/ipc_channel_win.cc, line 332
[Child 6876, Chrome_ChildThread] WARNING: pipe error: 109: file z:/build/build/src/ipc/chromium/src/chrome/common/ipc_channel_win.cc, line 332
[Parent 7924, Gecko_IOThread] WARNING: file z:/build/build/src/ipc/chromium/src/base/process_util_win.cc, line 166
Crash Annotation GraphicsCriticalError: |[C0][GFX1]: Potential driver version mismatch ignored due to missing DLLs igd10umd32 v= and igd10iumd32 v= (t=3.8573) [GFX1]: Potential driver version mismatch ignored due to missing DLLs igd10umd32 v= and igd10iumd32 v=
1553843462641	addons.manager	DEBUG	shutdown
1553843462642	addons.manager	DEBUG	Calling shutdown blocker for XPIProvider
1553843462642	addons.xpi	DEBUG	shutdown
1553843462642	addons.xpi-utils	DEBUG	shutdown
1553843462642	addons.manager	DEBUG	Calling shutdown blocker for LightweightThemeManager
1553843462642	addons.manager	DEBUG	Calling shutdown blocker for GMPProvider
1553843462643	addons.manager	DEBUG	Calling shutdown blocker for PluginProvider
1553843462647	addons.manager	DEBUG	Async provider shutdown done

	at org.openqa.selenium.firefox.internal.NewProfileExtensionConnection.start(NewProfileExtensionConnection.java:113)
	... 31 more
]]>
            </full-stacktrace>
          </exception> <!-- org.openqa.selenium.WebDriverException -->
          <reporter-output>
          </reporter-output>
        </test-method> <!-- configBc -->
        <test-method status="SKIP" signature="configBM()[pri:0, instance:com.crm.campaignTest.CampTest$campaignTest@19d1a19]" name="configBM" is-config="true" duration-ms="0" started-at="2019-03-29T12:41:12Z" finished-at="2019-03-29T12:41:12Z">
          <reporter-output>
          </reporter-output>
        </test-method> <!-- configBM -->
        <test-method status="SKIP" signature="createcampTest()[pri:0, instance:com.crm.campaignTest.CampTest$campaignTest@19d1a19]" name="createcampTest" duration-ms="2" started-at="2019-03-29T12:41:12Z" finished-at="2019-03-29T12:41:12Z">
          <reporter-output>
          </reporter-output>
        </test-method> <!-- createcampTest -->
        <test-method status="SKIP" signature="configAm()[pri:0, instance:com.crm.campaignTest.CampTest$campaignTest@19d1a19]" name="configAm" is-config="true" duration-ms="0" started-at="2019-03-29T12:41:12Z" finished-at="2019-03-29T12:41:12Z">
          <reporter-output>
          </reporter-output>
        </test-method> <!-- configAm -->
        <test-method status="SKIP" signature="afterClass()[pri:0, instance:com.crm.campaignTest.CampTest$campaignTest@19d1a19]" name="afterClass" is-config="true" duration-ms="0" started-at="2019-03-29T12:41:12Z" finished-at="2019-03-29T12:41:12Z">
          <reporter-output>
          </reporter-output>
        </test-method> <!-- afterClass -->
        <test-method status="SKIP" signature="configafterSuite()[pri:0, instance:com.crm.campaignTest.CampTest$campaignTest@19d1a19]" name="configafterSuite" is-config="true" duration-ms="0" started-at="2019-03-29T12:41:12Z" finished-at="2019-03-29T12:41:12Z">
          <reporter-output>
          </reporter-output>
        </test-method> <!-- configafterSuite -->
      </class> <!-- com.crm.campaignTest.CampTest$campaignTest -->
    </test> <!-- Default test -->
  </suite> <!-- Default suite -->
</testng-results>
